Running rake task..
ok
[32mFetching gigabyte[0m
[32mResponded with code 200[0m
[33mUnavailable[0m
[32mFetching evga[0m
[32mResponded with code 200[0m
[33mUnavailable[0m
ok
ok
Complete
Running rake task..
ok
[32mFetching gigabyte[0m
[32mResponded with code 200[0m
[33mUnavailable[0m
[32mFetching evga[0m
[32mResponded with code 200[0m
[33mUnavailable[0m
ok
ok
Complete
Running rake task..
ok
[32mFetching gigabyte[0m
[32mResponded with code 200[0m
[33mUnavailable[0m
[32mFetching evga[0m
[32mResponded with code 200[0m
[33mUnavailable[0m
ok
ok
Complete
Running rake task..
ok
[32mFetching gigabyte[0m
[32mResponded with code 200[0m
[33mUnavailable[0m
[32mFetching evga[0m
[32mResponded with code 200[0m
[33mUnavailable[0m
ok
ok
Complete
Running rake task..
poller.rb:64:in `start!': undefined method `webhook_message!' for #<CanadaComputersPoller:0x00007fe82eb9b888> (NoMethodError)
	from poller.rb:45:in `poll'
	from poller.rb:103:in `<main>'
rake aborted!
Command failed with status (1): [/Users/brankoculum/.rbenv/versions/2.7.2/b...]
/Users/brankoculum/Projects/gpu-poller/Rakefile:5:in `block in <top (required)>'
/Users/brankoculum/.rbenv/versions/2.7.2/bin/bundle:23:in `load'
/Users/brankoculum/.rbenv/versions/2.7.2/bin/bundle:23:in `<main>'
Tasks: TOP => poll_stock
(See full trace by running task with --trace)
Running rake task..
poller.rb:64:in `start!': undefined method `webhook_message!' for #<CanadaComputersPoller:0x00007ff9b81875b8> (NoMethodError)
	from poller.rb:45:in `poll'
	from poller.rb:103:in `<main>'
rake aborted!
Command failed with status (1): [/Users/brankoculum/.rbenv/versions/2.7.2/b...]
/Users/brankoculum/Projects/gpu-poller/Rakefile:5:in `block in <top (required)>'
/Users/brankoculum/.rbenv/versions/2.7.2/bin/bundle:23:in `load'
/Users/brankoculum/.rbenv/versions/2.7.2/bin/bundle:23:in `<main>'
Tasks: TOP => poll_stock
(See full trace by running task with --trace)
Running rake task..
poller.rb:76:in `start!': undefined method `message!' for Notifier:Class (NoMethodError)
	from poller.rb:57:in `poll'
	from poller.rb:105:in `<main>'
rake aborted!
Command failed with status (1): [/Users/brankoculum/.rbenv/versions/2.7.2/b...]
/Users/brankoculum/Projects/gpu-poller/Rakefile:5:in `block in <top (required)>'
/Users/brankoculum/.rbenv/versions/2.7.2/bin/bundle:23:in `load'
/Users/brankoculum/.rbenv/versions/2.7.2/bin/bundle:23:in `<main>'
Tasks: TOP => poll_stock
(See full trace by running task with --trace)
Running rake task..
[32mFetching gigabyte[0m
[32mResponded with code 200[0m
[33mUnavailable[0m
[32mFetching evga[0m
[32mResponded with code 200[0m
[33mUnavailable[0m
Complete
Running rake task..
poller.rb:27:in `message!': wrong number of arguments (given 1, expected 0) (ArgumentError)
	from poller.rb:83:in `start!'
	from poller.rb:64:in `poll'
	from poller.rb:112:in `<main>'
rake aborted!
Command failed with status (1): [/Users/brankoculum/.rbenv/versions/2.7.2/b...]
/Users/brankoculum/Projects/gpu-poller/Rakefile:5:in `block in <top (required)>'
/Users/brankoculum/.rbenv/versions/2.7.2/bin/bundle:23:in `load'
/Users/brankoculum/.rbenv/versions/2.7.2/bin/bundle:23:in `<main>'
Tasks: TOP => poll_stock
(See full trace by running task with --trace)
Running rake task..
[32mFetching gigabyte[0m
[32mResponded with code 200[0m
[33mUnavailable[0m
[32mFetching evga[0m
[32mResponded with code 200[0m
[33mUnavailable[0m
Complete
Running rake task..
poller.rb:5:in `require': cannot load such file -- ./notifications/slack_notifier.rb (LoadError)
	from poller.rb:5:in `<main>'
rake aborted!
Command failed with status (1): [/Users/brankoculum/.rbenv/versions/2.7.2/b...]
/Users/brankoculum/Projects/gpu-poller/Rakefile:5:in `block in <top (required)>'
/Users/brankoculum/.rbenv/versions/2.7.2/bin/bundle:23:in `load'
/Users/brankoculum/.rbenv/versions/2.7.2/bin/bundle:23:in `<main>'
Tasks: TOP => poll_stock
(See full trace by running task with --trace)
Running rake task..
poller.rb:3:in `require': cannot load such file -- ./* (LoadError)
	from poller.rb:3:in `<main>'
rake aborted!
Command failed with status (1): [/Users/brankoculum/.rbenv/versions/2.7.2/b...]
/Users/brankoculum/Projects/gpu-poller/Rakefile:5:in `block in <top (required)>'
/Users/brankoculum/.rbenv/versions/2.7.2/bin/bundle:23:in `load'
/Users/brankoculum/.rbenv/versions/2.7.2/bin/bundle:23:in `<main>'
Tasks: TOP => poll_stock
(See full trace by running task with --trace)
Running rake task..
[32mFetching gigabyte[0m
[32mResponded with code 200[0m
[33mUnavailable[0m
[32mFetching evga[0m
[32mResponded with code 200[0m
[33mUnavailable[0m
Complete
Running rake task..
[32mFetching gigabyte[0m
[32mResponded with code 200[0m
[33mUnavailable[0m
[32mFetching evga[0m
[32mResponded with code 200[0m
[33mUnavailable[0m
Complete
Running rake task..
[32mFetching gigabyte[0m
[32mResponded with code 200[0m
[33mUnavailable[0m
[32mFetching evga[0m
[32mResponded with code 200[0m
[33mUnavailable[0m
Complete
